MPASM  5.37                    DELAYX10MS.ASM   1-25-2011  23:45:47         PAGE  1


LOC  OBJECT CODE     LINE SOURCE TEXT
  VALUE

                      00001 ;*******************************************************************************
                      00002 ;                                                                              *
                      00003 ;    Filename:         delayX10ms.asm                                          *
                      00004 ;    Date:             December 19, 2010                                       *
                      00005 ;    File Version:     0.1                                                     *
                      00006 ;                                                                              *
                      00007 ;    Author:           Ben Oztalay                                             *
                      00008 ;                                                                              *
                      00009 ;*******************************************************************************
                      00010 ;                                                                              *
                      00011 ;    Architecture:     Midrange PIC                                            *
                      00012 ;    Processor:        PIC12F615 (probably broader range)                      *
                      00013 ;                                                                              *
                      00014 ;*******************************************************************************
                      00015 ;                                                                              *
                      00016 ;    Description:      Delays for X(10ms), where X is passed in W              *
                      00017 ;                                                                              *
                      00018 ;                                                                              *
                      00019 ;                                                                                              *
                      00020 ;                                                                              *
                      00021 ;    Returns:          W = 0                                                   *
                      00022 ;    Assumes:          4MHz clock                                              *
                      00023 ;                                                                              *
                      00024 ;*******************************************************************************
                      00025 ;                                                                              *
                      00026 ;    Copy under EXTERNALS section:                                                                     *
                      00027 ;              EXTERN  delayX10ms_R                                                        *
                      00028 ;                                                                              *
                      00029 ;    Copy under subroutine vectors section:                                            *
                      00030 ;          delayX10ms                                                                      *
                      00031 ;              pagesel delayX10ms_R                                                *
                      00032 ;              goto    delayX10ms_R                                            *
                      00033 ;                                                                              *
                      00034 ;*******************************************************************************
                      00035      
                      00036      #INCLUDE <P12F615.INC>          ; processor specific variable definitions
                      00001         LIST
                      00002 ; P12F615.INC  Standard Header File, Version 1.00    Microchip Technology, Inc.
                      00423         LIST
                      00037 
  0000                00038          GLOBAL delayX10ms_R
                      00039 
                      00040 ;------------------------------------------------------------------------------
                      00041 ; VARIABLE DEFINITIONS
                      00042 ;------------------------------------------------------------------------------
                      00043                 UDATA
0000                  00044 dc1             res 1           ;delay loop counters
0001                  00045 dc2             res 2
0003                  00046 dc3             res 3
                      00047 
                      00048 ;------------------------------------------------------------------------------
                      00049 ; CODE
                      00050 ;------------------------------------------------------------------------------ 
MPASM  5.37                    DELAYX10MS.ASM   1-25-2011  23:45:47         PAGE  2


LOC  OBJECT CODE     LINE SOURCE TEXT
  VALUE

                      00051 
                      00052                 CODE
                      00053 
0000                  00054 delayX10ms_R
0000   ????           00055                 banksel dc3
0001   00??           00056                 movwf   dc3             ;W into the outmost loop's counter, which counts 10ms cycles
                      00057                                                 ;       Actual delay in each cycle is 10.015ms
0002   300D           00058 dly2    movlw   .13             ;Decimal 13 into the second loop's counter, which counts 767us cycles
0003   00??           00059                 movwf   dc2             ;       (13 X 767us = 10009us = 10.09ms)
0004   01??           00060                 clrf    dc1             ;Ready inner loop, set up counter for 256 cycles
0005   0B??           00061 dly1    decfsz  dc1,f
0006   2???           00062                 goto    dly1    ;End inner loop
0007   0B??           00063                 decfsz  dc2,f
0008   2???           00064                 goto    dly1    ;End second loop
0009   0B??           00065                 decfsz  dc3,f
000A   2???           00066                 goto    dly2    ;End outer loop
                      00067 
000B   3400           00068                 retlw   0               ;Return 0 in W          
                      00069 
                      00070                 END
MPASM  5.37                    DELAYX10MS.ASM   1-25-2011  23:45:47         PAGE  3


SYMBOL TABLE
  LABEL                             VALUE 

ADCON0                            0000001F
ADCS0                             00000004
ADCS1                             00000005
ADCS2                             00000006
ADFM                              00000007
ADIE                              00000006
ADIF                              00000006
ADON                              00000000
ADRESH                            0000001E
ADRESL                            0000009E
AN0                               00000000
AN1                               00000001
AN2                               00000002
AN3                               00000003
ANSEL                             0000009F
APFCON                            00000093
C                                 00000000
C1CH0                             00000000
C1HYS                             00000003
C1IE                              00000003
C1IF                              00000003
C1OE                              00000005
C1ON                              00000007
C1OUT                             00000006
C1POL                             00000004
C1R                               00000002
C1SYNC                            00000000
C1VREN                            00000007
CCP1CON                           00000015
CCP1IE                            00000005
CCP1IF                            00000005
CCP1M0                            00000000
CCP1M1                            00000001
CCP1M2                            00000002
CCP1M3                            00000003
CCPR1H                            00000014
CCPR1L                            00000013
CHS0                              00000002
CHS1                              00000003
CHS2                              00000004
CMCH                              00000000
CMCON0                            0000001A
CMCON1                            0000001C
CMHYS                             00000003
CMIE                              00000003
CMIF                              00000003
CMOE                              00000005
CMON                              00000007
CMPOL                             00000004
CMR                               00000002
CMSYNC                            00000000
CMVREN                            00000007
COUT                              00000006
MPASM  5.37                    DELAYX10MS.ASM   1-25-2011  23:45:47         PAGE  4


SYMBOL TABLE
  LABEL                             VALUE 

DC                                00000001
DC1B0                             00000004
DC1B1                             00000005
ECCPAS                            00000017
ECCPAS0                           00000004
ECCPAS1                           00000005
ECCPAS2                           00000006
ECCPASE                           00000007
F                                 00000001
FSR                               00000004
FVREN                             00000004
GIE                               00000007
GO                                00000001
GO_DONE                           00000001
GP0                               00000000
GP1                               00000001
GP2                               00000002
GP3                               00000003
GP4                               00000004
GP5                               00000005
GPIE                              00000003
GPIF                              00000000
GPIO                              00000005
GPIO0                             00000000
GPIO1                             00000001
GPIO2                             00000002
GPIO3                             00000003
GPIO4                             00000004
GPIO5                             00000005
INDF                              00000000
INTCON                            0000000B
INTE                              00000004
INTEDG                            00000006
INTF                              00000001
IOC                               00000096
IOC0                              00000000
IOC1                              00000001
IOC2                              00000002
IOC3                              00000003
IOC4                              00000004
IOC5                              00000005
IOCA                              00000096
IOCA0                             00000000
IOCA1                             00000001
IOCA2                             00000002
IOCA3                             00000003
IOCA4                             00000004
IOCA5                             00000005
IRP                               00000007
NOT_BOD                           00000000
NOT_BOR                           00000000
NOT_DONE                          00000001
NOT_GPPU                          00000007
MPASM  5.37                    DELAYX10MS.ASM   1-25-2011  23:45:47         PAGE  5


SYMBOL TABLE
  LABEL                             VALUE 

NOT_PD                            00000003
NOT_POR                           00000001
NOT_T1SYNC                        00000002
NOT_TO                            00000004
OPTION_REG                        00000081
OSCTUNE                           00000090
P1ASEL                            00000000
P1BSEL                            00000001
P1M                               00000007
PCL                               00000002
PCLATH                            0000000A
PCON                              0000008E
PDC0                              00000000
PDC1                              00000001
PDC2                              00000002
PDC3                              00000003
PDC4                              00000004
PDC5                              00000005
PDC6                              00000006
PEIE                              00000006
PIE1                              0000008C
PIR1                              0000000C
PORTA                             00000005
PR2                               00000092
PRSEN                             00000007
PS0                               00000000
PS1                               00000001
PS2                               00000002
PSA                               00000003
PSSAC0                            00000002
PSSAC1                            00000003
PSSBD0                            00000000
PSSBD1                            00000001
PWM1CON                           00000016
RA0                               00000000
RA1                               00000001
RA2                               00000002
RA3                               00000003
RA4                               00000004
RA5                               00000005
RP0                               00000005
RP1                               00000006
STATUS                            00000003
T0CS                              00000005
T0IE                              00000005
T0IF                              00000002
T0SE                              00000004
T1ACS                             00000004
T1CKPS0                           00000004
T1CKPS1                           00000005
T1CON                             00000010
T1GINV                            00000007
T1GSEL                            00000004
MPASM  5.37                    DELAYX10MS.ASM   1-25-2011  23:45:47         PAGE  6


SYMBOL TABLE
  LABEL                             VALUE 

T1GSS                             00000001
T1IE                              00000000
T1IF                              00000000
T1OSCEN                           00000003
T2CKPS0                           00000000
T2CKPS1                           00000001
T2CON                             00000012
T2IE                              00000001
T2IF                              00000001
T2ON                              00000002
TMR0                              00000001
TMR1CS                            00000001
TMR1GE                            00000006
TMR1H                             0000000F
TMR1IE                            00000000
TMR1IF                            00000000
TMR1L                             0000000E
TMR1ON                            00000000
TMR2                              00000011
TMR2IE                            00000001
TMR2IF                            00000001
TMR2ON                            00000002
TOUTPS0                           00000003
TOUTPS1                           00000004
TOUTPS2                           00000005
TOUTPS3                           00000006
TRISA                             00000085
TRISIO                            00000085
TRISIO0                           00000000
TRISIO1                           00000001
TRISIO2                           00000002
TRISIO3                           00000003
TRISIO4                           00000004
TRISIO5                           00000005
TUN0                              00000000
TUN1                              00000001
TUN2                              00000002
TUN3                              00000003
TUN4                              00000004
VCFG                              00000006
VP6EN                             00000004
VR0                               00000000
VR1                               00000001
VR2                               00000002
VR3                               00000003
VRCON                             00000019
VRR                               00000005
W                                 00000000
WPU                               00000095
WPU0                              00000000
WPU1                              00000001
WPU2                              00000002
WPU4                              00000004
MPASM  5.37                    DELAYX10MS.ASM   1-25-2011  23:45:47         PAGE  7


SYMBOL TABLE
  LABEL                             VALUE 

WPU5                              00000005
WPUA                              00000095
WPUA0                             00000000
WPUA1                             00000001
WPUA2                             00000002
WPUA4                             00000004
WPUA5                             00000005
Z                                 00000002
_BOR_NSLEEP                       00003EFF
_BOR_OFF                          00003CFF
_BOR_ON                           00003FFF
_CP_OFF                           00003FFF
_CP_ON                            00003FBF
_EC_OSC                           00003FFB
_EXTRC                            00003FFF
_EXTRCIO                          00003FFE
_EXTRC_OSC_CLKOUT                 00003FFF
_EXTRC_OSC_NOCLKOUT               00003FFE
_HS_OSC                           00003FFA
_INTOSC                           00003FFD
_INTOSCIO                         00003FFC
_INTRC_OSC_CLKOUT                 00003FFD
_INTRC_OSC_NOCLKOUT               00003FFC
_IOSCFS4                          00003F7F
_IOSCFS8                          00003FFF
_IOSCFS_4MHZ                      00003F7F
_IOSCFS_8MHZ                      00003FFF
_LP_OSC                           00003FF8
_MCLRE_OFF                        00003FDF
_MCLRE_ON                         00003FFF
_PWRTE_OFF                        00003FFF
_PWRTE_ON                         00003FEF
_WDT_OFF                          00003FF7
_WDT_ON                           00003FFF
_XT_OSC                           00003FF9
__12F615                          00000001
dc1                               00000000
dc2                               00000001
dc3                               00000003
delayX10ms_R                      00000000
dly1                              00000005
dly2                              00000002

Errors   :     0
Warnings :     0 reported,     0 suppressed
Messages :     0 reported,     0 suppressed

